0 info it worked if it ends with ok
1 verbose cli [ '/usr/bin/nodejs', '/usr/bin/npm', 'start' ]
2 info using npm@3.5.2
3 info using node@v4.2.6
4 verbose run-script [ 'prestart', 'start', 'poststart' ]
5 info lifecycle painio-server@0.0.1~prestart: painio-server@0.0.1
6 silly lifecycle painio-server@0.0.1~prestart: no script for prestart, continuing
7 info lifecycle painio-server@0.0.1~start: painio-server@0.0.1
8 verbose lifecycle painio-server@0.0.1~start: unsafe-perm in lifecycle true
9 verbose lifecycle painio-server@0.0.1~start: PATH: /usr/share/npm/bin/node-gyp-bin:/mnt/c/painio/server/node_modules/.bin:/home/dennis/bin:/home/dennis/.local/bin:/usr/local/sbin:/usr/local/bin:/usr/sbin:/usr/bin:/sbin:/bin:/usr/games:/usr/local/games:/mnt/c/Program Files/Docker/Docker/resources/bin:/mnt/c/ProgramData/Oracle/Java/javapath:/mnt/c/Windows/System32:/mnt/c/Windows:/mnt/c/Windows/System32/wbem:/mnt/c/Windows/System32/WindowsPowerShell/v1.0:/mnt/c/Program Files (x86)/NVIDIA Corporation/PhysX/Common:/mnt/c/Windows/System32:/mnt/c/Windows:/mnt/c/Windows/System32/wbem:/mnt/c/Windows/System32/WindowsPowerShell/v1.0:/mnt/c/Program Files/nodejs:/mnt/d/HashiCorp/Vagrant/bin:/mnt/c/Users/Dennis/AppData/Local/Microsoft/WindowsApps:/mnt/c/Users/Dennis/AppData/Roaming/npm:/mnt/c/Program Files/Microsoft VS Code/bin:/snap/bin
10 verbose lifecycle painio-server@0.0.1~start: CWD: /mnt/c/painio/server
11 silly lifecycle painio-server@0.0.1~start: Args: [ '-c', 'node ./dist/startServer.js' ]
12 silly lifecycle painio-server@0.0.1~start: Returned: code: 1  signal: null
13 info lifecycle painio-server@0.0.1~start: Failed to exec start script
14 verbose stack Error: painio-server@0.0.1 start: `node ./dist/startServer.js`
14 verbose stack Exit status 1
14 verbose stack     at EventEmitter.<anonymous> (/usr/share/npm/lib/utils/lifecycle.js:232:16)
14 verbose stack     at emitTwo (events.js:87:13)
14 verbose stack     at EventEmitter.emit (events.js:172:7)
14 verbose stack     at ChildProcess.<anonymous> (/usr/share/npm/lib/utils/spawn.js:24:14)
14 verbose stack     at emitTwo (events.js:87:13)
14 verbose stack     at ChildProcess.emit (events.js:172:7)
14 verbose stack     at maybeClose (internal/child_process.js:821:16)
14 verbose stack     at Process.ChildProcess._handle.onexit (internal/child_process.js:211:5)
15 verbose pkgid painio-server@0.0.1
16 verbose cwd /mnt/c/painio/server
17 error Linux 4.4.0-43-Microsoft
18 error argv "/usr/bin/nodejs" "/usr/bin/npm" "start"
19 error node v4.2.6
20 error npm  v3.5.2
21 error code ELIFECYCLE
22 error painio-server@0.0.1 start: `node ./dist/startServer.js`
22 error Exit status 1
23 error Failed at the painio-server@0.0.1 start script 'node ./dist/startServer.js'.
23 error Make sure you have the latest version of node.js and npm installed.
23 error If you do, this is most likely a problem with the painio-server package,
23 error not with npm itself.
23 error Tell the author that this fails on your system:
23 error     node ./dist/startServer.js
23 error You can get information on how to open an issue for this project with:
23 error     npm bugs painio-server
23 error Or if that isn't available, you can get their info via:
23 error     npm owner ls painio-server
23 error There is likely additional logging output above.
24 verbose exit [ 1, true ]
